#
# A fatal error has been detected by the Java Runtime Environment:
#
#  EXCEPTION_ACCESS_VIOLATION (0xc0000005) at pc=0x000000006ac6e7b6, pid=1588, tid=0x0000000000001f34
#
# JRE version: Java(TM) SE Runtime Environment (8.0_102-b14) (build 1.8.0_102-b14)
# Java VM: Java HotSpot(TM) 64-Bit Server VM (25.102-b14 mixed mode windows-amd64 compressed oops)
# Problematic frame:
# V  [jvm.dll+0x14e7b6]
#
# Failed to write core dump. Minidumps are not enabled by default on client versions of Windows
#
# If you would like to submit a bug report, please visit:
#   http://bugreport.java.com/bugreport/crash.jsp
# The crash happened outside the Java Virtual Machine in native code.
# See problematic frame for where to report the bug.
#

---------------  T H R E A D  ---------------

Current thread (0x000000000072e800):  JavaThread "main" [_thread_in_native, id=7988, stack(0x0000000001f10000,0x0000000002010000)]

siginfo: ExceptionCode=0xc0000005, writing address 0x0000000000000270

Registers:
RAX=0x000000000000dead, RBX=0x0000000000000000, RCX=0x0000000016fa7800, RDX=0x0000000014758ea0
RSP=0x000000000200d7c0, RBP=0x626973736f706d49, RSI=0x0000000014758ea0, RDI=0x0000000016fa79f8
R8 =0x0000000016289588, R9 =0x0000000014718750, R10=0x000000006b2bed50, R11=0x0000000016289588
R12=0x000000001b0d4f58, R13=0x000000001deab720, R14=0x00007ff6598e0010, R15=0x000000001d2587f8
RIP=0x000000006ac6e7b6, EFLAGS=0x0000000000010246

Top of Stack: (sp=0x000000000200d7c0)
0x000000000200d7c0:   00000000143c2a28 000000000072e800
0x000000000200d7d0:   00000000020baeb0 000000006ac7dff0
0x000000000200d7e0:   0000000016f4cde0 0000000062d87553
0x000000000200d7f0:   00000001000ae718 00000000020baeb0
0x000000000200d800:   00003baeec186143 000000000200d858
0x000000000200d810:   000000001deab720 000000000072e9f8
0x000000000200d820:   000000000072e800 000000006ac5d418
0x000000000200d830:   0000000062d8753d 000000006ac7e1df
0x000000000200d840:   000000001b0d4f58 000000000072e800
0x000000000200d850:   0000000016289588 0000000062d83111
0x000000000200d860:   000000000072e9f8 626973736f706d49
0x000000000200d870:   0000000000000000 0000000016289588
0x000000000200d880:   0000000014718750 626973736f706d49
0x000000000200d890:   000000000072e9f8 0000000062d837e2
0x000000000200d8a0:   000000000072e9f8 626973736f706d49
0x000000000200d8b0:   0000000016289588 0000000014718750 

Instructions: (pc=0x000000006ac6e7b6)
0x000000006ac6e796:   8b f9 3d ab de 00 00 74 17 8b 83 88 02 00 00 3d
0x000000006ac6e7a6:   ac de 00 00 74 0a 48 8b cb e8 0c ec 0e 00 33 db
0x000000006ac6e7b6:   c7 83 70 02 00 00 05 00 00 00 83 3d 21 d9 6b 00
0x000000006ac6e7c6:   01 75 09 80 3d 93 cb 6b 00 00 74 18 80 3d 8b cb 


Register to memory mapping:

RAX=0x000000000000dead is an unknown value
RBX=0x0000000000000000 is an unknown value
RCX=0x0000000016fa7800 is an unknown value
RDX=0x0000000014758ea0 is a global jni handle
RSP=0x000000000200d7c0 is pointing into the stack for thread: 0x000000000072e800
RBP=0x626973736f706d49 is an unknown value
RSI=0x0000000014758ea0 is a global jni handle
RDI=0x0000000016fa79f8 is an unknown value
R8 =0x0000000016289588 is an unknown value
R9 =0x0000000014718750 is an unknown value
R10=0x000000006b2bed50 is an unknown value
R11=0x0000000016289588 is an unknown value
R12=0x000000001b0d4f58 is an unknown value
R13=0x000000001deab720 is an unknown value
R14=0x00007ff6598e0010 is an unknown value
R15=0x000000001d2587f8 is an unknown value


Stack: [0x0000000001f10000,0x0000000002010000],  sp=0x000000000200d7c0,  free space=1013k
Native frames: (J=compiled Java code, j=interpreted, Vv=VM code, C=native code)
V  [jvm.dll+0x14e7b6]
C  [jri.dll+0x37e2]
C  [grDevices.dll+0x221d3]
C  [grDevices.dll+0x278af]
C  [R.dll+0xf6495]
C  [R.dll+0x7a234]
C  [R.dll+0x85331]
C  [R.dll+0x896bb]
C  [R.dll+0x8546c]
C  [R.dll+0x90382]
C  [R.dll+0x91155]
C  [jri.dll+0x1755]
C  0x0000000002385a87

Java frames: (J=compiled Java code, j=interpreted, Vv=VM code)
J 391  org.rosuda.JRI.Rengine.rniEval(JJ)J (0 bytes) @ 0x000000000238593b [0x0000000002385900+0x3b]
J 389 C1 org.rosuda.JRI.Rengine.eval(Ljava/lang/String;Z)Lorg/rosuda/JRI/REXP; (228 bytes) @ 0x000000000238b4ec [0x000000000238ade0+0x70c]
J 388 C1 org.rosuda.JRI.Rengine.eval(Ljava/lang/String;)Lorg/rosuda/JRI/REXP; (7 bytes) @ 0x000000000238a7b4 [0x000000000238a640+0x174]
j  sql.CamadaR.teste()V+76
j  sql.CamadaR.main([Ljava/lang/String;)V+3
v  ~StubRoutines::call_stub

---------------  P R O C E S S  ---------------

Java Threads: ( => current thread )
  0x0000000016314000 JavaThread "Abandoned connection cleanup thread" daemon [_thread_blocked, id=8216, stack(0x0000000016da0000,0x0000000016ea0000)]
  0x00000000147ae800 JavaThread "Service Thread" daemon [_thread_blocked, id=6248, stack(0x00000000167a0000,0x00000000168a0000)]
  0x00000000147ad800 JavaThread "C1 CompilerThread2" daemon [_thread_blocked, id=5884, stack(0x00000000166a0000,0x00000000167a0000)]
  0x00000000147ad000 JavaThread "C2 CompilerThread1" daemon [_thread_blocked, id=6924, stack(0x00000000165a0000,0x00000000166a0000)]
  0x000000001477a000 JavaThread "C2 CompilerThread0" daemon [_thread_blocked, id=6576, stack(0x00000000160a0000,0x00000000161a0000)]
  0x0000000014769800 JavaThread "JDWP Command Reader" daemon [_thread_in_native, id=700, stack(0x0000000015fa0000,0x00000000160a0000)]
  0x0000000014764800 JavaThread "JDWP Event Helper Thread" daemon [_thread_blocked, id=3548, stack(0x0000000015ea0000,0x0000000015fa0000)]
  0x0000000014756800 JavaThread "JDWP Transport Listener: dt_shmem" daemon [_thread_blocked, id=4896, stack(0x0000000015da0000,0x0000000015ea0000)]
  0x000000001474c800 JavaThread "Attach Listener" daemon [_thread_blocked, id=8252, stack(0x0000000015ca0000,0x0000000015da0000)]
  0x000000001474b800 JavaThread "Signal Dispatcher" daemon [_thread_blocked, id=8668, stack(0x0000000015ba0000,0x0000000015ca0000)]
  0x000000001473a800 JavaThread "Finalizer" daemon [_thread_blocked, id=6900, stack(0x00000000159b0000,0x0000000015ab0000)]
  0x0000000014719000 JavaThread "Reference Handler" daemon [_thread_blocked, id=8356, stack(0x00000000158b0000,0x00000000159b0000)]
=>0x000000000072e800 JavaThread "main" [_thread_in_native, id=7988, stack(0x0000000001f10000,0x0000000002010000)]

Other Threads:
  0x0000000014718000 VMThread [stack: 0x00000000157b0000,0x00000000158b0000] [id=2596]
  0x00000000161eb800 WatcherThread [stack: 0x0000000016ca0000,0x0000000016da0000] [id=8840]

VM state:not at safepoint (normal execution)

VM Mutex/Monitor currently owned by a thread: None

Heap:
 PSYoungGen      total 18944K, used 14912K [0x00000000eb380000, 0x00000000ec880000, 0x0000000100000000)
  eden space 16384K, 91% used [0x00000000eb380000,0x00000000ec210048,0x00000000ec380000)
  from space 2560K, 0% used [0x00000000ec600000,0x00000000ec600000,0x00000000ec880000)
  to   space 2560K, 0% used [0x00000000ec380000,0x00000000ec380000,0x00000000ec600000)
 ParOldGen       total 44032K, used 0K [0x00000000c1a00000, 0x00000000c4500000, 0x00000000eb380000)
  object space 44032K, 0% used [0x00000000c1a00000,0x00000000c1a00000,0x00000000c4500000)
 Metaspace       used 7307K, capacity 7382K, committed 7424K, reserved 1056768K
  class space    used 731K, capacity 754K, committed 768K, reserved 1048576K

Card table byte_map: [0x0000000011530000,0x0000000011730000] byte_map_base: 0x0000000010f23000

Marking Bits: (ParMarkBitMap*) 0x000000006b33a6c0
 Begin Bits: [0x0000000011c80000, 0x0000000012c18000)
 End Bits:   [0x0000000012c18000, 0x0000000013bb0000)

Polling page: 0x00000000005c0000

CodeCache: size=245760Kb used=2207Kb max_used=2224Kb free=243552Kb
 bounds [0x0000000002170000, 0x00000000023e0000, 0x0000000011170000]
 total_blobs=771 nmethods=401 adapters=291
 compilation: enabled

Compilation events (10 events):
Event: 11.336 Thread 0x00000000147ad800  397       3       org.rosuda.JRI.Rengine::jriWriteConsole (20 bytes)
Event: 11.336 Thread 0x00000000147ad800 nmethod 397 0x0000000002390290 code [0x0000000002390400, 0x0000000002390688]
Event: 11.337 Thread 0x00000000147ad000  398 %     4       sun.nio.cs.UTF_8$Decoder::decodeArrayLoop @ 73 (691 bytes)
Event: 11.338 Thread 0x000000001477a000  399       4       java.nio.ByteBuffer::arrayOffset (35 bytes)
Event: 11.338 Thread 0x000000001477a000 nmethod 399 0x000000000238eb10 code [0x000000000238ec40, 0x000000000238ecd8]
Event: 11.381 Thread 0x000000001477a000  400       4       java.lang.String::getChars (62 bytes)
Event: 11.383 Thread 0x000000001477a000 nmethod 400 0x000000000238e590 code [0x000000000238e6e0, 0x000000000238e918]
Event: 11.405 Thread 0x00000000147ad000 nmethod 398% 0x000000000239a010 code [0x000000000239a2e0, 0x000000000239c190]
Event: 11.427 Thread 0x000000001477a000  401       4       sun.nio.cs.UTF_8$Decoder::decodeArrayLoop (691 bytes)
Event: 11.476 Thread 0x000000001477a000 nmethod 401 0x00000000023970d0 code [0x0000000002397380, 0x0000000002398950]

GC Heap History (0 events):
No events

Deoptimization events (5 events):
Event: 0.810 Thread 0x000000000072e800 Uncommon trap: reason=unstable_if action=reinterpret pc=0x00000000022bd120 method=java.util.Properties.loadConvert([CII[C)Ljava/lang/String; @ 4
Event: 0.811 Thread 0x000000000072e800 Uncommon trap: reason=unstable_if action=reinterpret pc=0x00000000022b9ad4 method=java.util.Properties$LineReader.readLine()I @ 252
Event: 0.830 Thread 0x000000000072e800 Uncommon trap: reason=unstable_if action=reinterpret pc=0x00000000022fc2f8 method=java.util.Properties$LineReader.readLine()I @ 174
Event: 1.602 Thread 0x000000000072e800 Uncommon trap: reason=unstable_if action=reinterpret pc=0x00000000023622bc method=org.rosuda.JRI.Rengine.<init>([Ljava/lang/String;ZLorg/rosuda/JRI/RMainLoopCallbacks;)V @ 78
Event: 1.627 Thread 0x000000000072e800 Uncommon trap: reason=null_check action=make_not_entrant pc=0x0000000002319fdc method=java.lang.String.equals(Ljava/lang/Object;)Z @ 8

Internal exceptions (9 events):
Event: 0.051 Thread 0x000000000072e800 Exception <a 'java/lang/NoSuchMethodError': Method sun.misc.Unsafe.defineClass(Ljava/lang/String;[BII)Ljava/lang/Class; name or signature does not match> (0x00000000eb387c78) thrown at [C:\re\workspace\8-2-build-windows-amd64-cygwin\jdk8u102\7268\hotspot\s3ç≤#éI™?
Event: 0.051 Thread 0x000000000072e800 Exception <a 'java/lang/NoSuchMethodError': Method sun.misc.Unsafe.prefetchRead(Ljava/lang/Object;J)V name or signature does not match> (0x00000000eb387f60) thrown at [C:\re\workspace\8-2-build-windows-amd64-cygwin\jdk8u102\7268\hotspot\src\share\vm\prims\?Åﬁ{ˇ’?
Event: 0.328 Thread 0x000000000072e800 Exception <a 'java/io/FileNotFoundException'> (0x00000000eb3df720) thrown at [C:\re\workspace\8-2-build-windows-amd64-cygwin\jdk8u102\7268\hotspot\src\share\vm\prims\jni.cpp, line 709]
Event: 0.438 Thread 0x000000000072e800 Exception <a 'java/security/PrivilegedActionException'> (0x00000000eb4d7738) thrown at [C:\re\workspace\8-2-build-windows-amd64-cygwin\jdk8u102\7268\hotspot\src\share\vm\prims\jvm.cpp, line 1386]
Event: 0.438 Thread 0x000000000072e800 Exception <a 'java/security/PrivilegedActionException'> (0x00000000eb4d7948) thrown at [C:\re\workspace\8-2-build-windows-amd64-cygwin\jdk8u102\7268\hotspot\src\share\vm\prims\jvm.cpp, line 1386]
Event: 0.441 Thread 0x000000000072e800 Exception <a 'java/security/PrivilegedActionException'> (0x00000000eb4dba18) thrown at [C:\re\workspace\8-2-build-windows-amd64-cygwin\jdk8u102\7268\hotspot\src\share\vm\prims\jvm.cpp, line 1386]
Event: 0.441 Thread 0x000000000072e800 Exception <a 'java/security/PrivilegedActionException'> (0x00000000eb4dbc28) thrown at [C:\re\workspace\8-2-build-windows-amd64-cygwin\jdk8u102\7268\hotspot\src\share\vm\prims\jvm.cpp, line 1386]
Event: 1.627 Thread 0x000000000072e800 Implicit null exception at 0x0000000002319d5e to 0x0000000002319fcd
Event: 11.450 Thread 0x0000000016fa7800 Exception <a 'java/lang/StackOverflowError'> (0x00000000ebaa4590) thrown at [C:\re\workspace\8-2-build-windows-amd64-cygwin\jdk8u102\7268\hotspot\src\share\vm\runtime\javaCalls.cpp, line 386]

Events (10 events):
Event: 1.631 Thread 0x000000000072e800 DEOPT UNPACKING pc=0x00000000021b787f sp=0x000000000200dfe0 mode 1
Event: 1.631 Thread 0x000000000072e800 DEOPT PACKING pc=0x00000000022c9174 sp=0x000000000200e350
Event: 1.631 Thread 0x000000000072e800 DEOPT UNPACKING pc=0x00000000021b787f sp=0x000000000200e170 mode 1
Event: 4.368 Executing VM operation: EnableBiasedLocking
Event: 4.368 Executing VM operation: EnableBiasedLocking done
Event: 11.428 Thread 0x000000000072e800 DEOPT PACKING pc=0x000000000234425e sp=0x000000000200efe0
Event: 11.428 Thread 0x000000000072e800 DEOPT UNPACKING pc=0x00000000021b787f sp=0x000000000200ee30 mode 0
Event: 11.475 loading class java/lang/Throwable$WrappedPrintStream
Event: 11.475 loading class java/lang/Throwable$WrappedPrintStream done
Event: 11.476 Thread 0x0000000016fa7800 Thread exited: 0x0000000016fa7800


Dynamic libraries:
0x00007ff65a0c0000 - 0x00007ff65a0f7000 	C:\Program Files\Java\jdk1.8.0_102\bin\java.exe
0x00007ff90de80000 - 0x00007ff90e02d000 	C:\WINDOWS\SYSTEM32\ntdll.dll
0x00007ff90db80000 - 0x00007ff90dcbe000 	C:\WINDOWS\system32\KERNEL32.DLL
0x00007ff9028f0000 - 0x00007ff902923000 	C:\Program Files\AVAST Software\Avast\x64\aswhooka.dll
0x00007ff90b3f0000 - 0x00007ff90b505000 	C:\WINDOWS\system32\KERNELBASE.dll
0x00007ff909710000 - 0x00007ff90979e000 	C:\WINDOWS\system32\apphelp.dll
0x00007ff8fbfa0000 - 0x00007ff8fbff3000 	C:\WINDOWS\AppPatch\AppPatch64\AcGenral.DLL
0x00007ff90d950000 - 0x00007ff90d9fa000 	C:\WINDOWS\system32\msvcrt.dll
0x00007ff90b130000 - 0x00007ff90b15e000 	C:\WINDOWS\system32\SspiCli.dll
0x00007ff90b910000 - 0x00007ff90b964000 	C:\WINDOWS\system32\SHLWAPI.dll
0x00007ff90b510000 - 0x00007ff90b687000 	C:\WINDOWS\system32\USER32.dll
0x00007ff90b770000 - 0x00007ff90b904000 	C:\WINDOWS\system32\ole32.dll
0x00007ff90ba30000 - 0x00007ff90cf59000 	C:\WINDOWS\system32\SHELL32.dll
0x00007ff90a570000 - 0x00007ff90a591000 	C:\WINDOWS\SYSTEM32\USERENV.dll
0x00007ff90dac0000 - 0x00007ff90db6a000 	C:\WINDOWS\system32\ADVAPI32.dll
0x00007ff8fb430000 - 0x00007ff8fb44e000 	C:\WINDOWS\SYSTEM32\MPR.dll
0x00007ff90d180000 - 0x00007ff90d2c0000 	C:\WINDOWS\system32\RPCRT4.dll
0x00007ff90de20000 - 0x00007ff90de79000 	C:\WINDOWS\SYSTEM32\sechost.dll
0x00007ff90cf60000 - 0x00007ff90d172000 	C:\WINDOWS\SYSTEM32\combase.dll
0x00007ff90d710000 - 0x00007ff90d85b000 	C:\WINDOWS\system32\GDI32.dll
0x00007ff90afb0000 - 0x00007ff90afc5000 	C:\WINDOWS\SYSTEM32\profapi.dll
0x00007ff909940000 - 0x00007ff9099f2000 	C:\WINDOWS\SYSTEM32\SHCORE.dll
0x00007ff90da00000 - 0x00007ff90da36000 	C:\WINDOWS\system32\IMM32.DLL
0x00007ff90dcc0000 - 0x00007ff90de12000 	C:\WINDOWS\system32\MSCTF.dll
0x00007ff909e80000 - 0x00007ff90a0fb000 	C:\WINDOWS\WinSxS\amd64_microsoft.windows.common-controls_6595b64144ccf1df_6.0.9600.18006_none_623f33d3ecbe86e8\COMCTL32.dll
0x000000006c560000 - 0x000000006c631000 	C:\Program Files\Java\jdk1.8.0_102\jre\bin\msvcr100.dll
0x000000006ab20000 - 0x000000006b3ba000 	C:\Program Files\Java\jdk1.8.0_102\jre\bin\server\jvm.dll
0x00007ff902950000 - 0x00007ff902959000 	C:\WINDOWS\SYSTEM32\WSOCK32.dll
0x00007ff908310000 - 0x00007ff908332000 	C:\WINDOWS\SYSTEM32\WINMM.dll
0x00007ff909e10000 - 0x00007ff909e1a000 	C:\WINDOWS\SYSTEM32\VERSION.dll
0x00007ff90b690000 - 0x00007ff90b697000 	C:\WINDOWS\system32\PSAPI.DLL
0x00007ff90d870000 - 0x00007ff90d8ca000 	C:\WINDOWS\system32\WS2_32.dll
0x00007ff907ed0000 - 0x00007ff907efa000 	C:\WINDOWS\SYSTEM32\WINMMBASE.dll
0x00007ff90d860000 - 0x00007ff90d869000 	C:\WINDOWS\system32\NSI.dll
0x00007ff90b0e0000 - 0x00007ff90b12f000 	C:\WINDOWS\SYSTEM32\cfgmgr32.dll
0x00007ff909a50000 - 0x00007ff909a78000 	C:\WINDOWS\SYSTEM32\DEVOBJ.dll
0x000000006e0a0000 - 0x000000006e0af000 	C:\Program Files\Java\jdk1.8.0_102\jre\bin\verify.dll
0x000000006dc50000 - 0x000000006dc79000 	C:\Program Files\Java\jdk1.8.0_102\jre\bin\java.dll
0x000000006cf90000 - 0x000000006cfc5000 	C:\Program Files\Java\jdk1.8.0_102\jre\bin\jdwp.dll
0x000000006cf80000 - 0x000000006cf88000 	C:\Program Files\Java\jdk1.8.0_102\jre\bin\npt.dll
0x000000006e080000 - 0x000000006e096000 	C:\Program Files\Java\jdk1.8.0_102\jre\bin\zip.dll
0x000000006cfd0000 - 0x000000006cfdb000 	C:\Program Files\Java\jdk1.8.0_102\jre\bin\dt_shmem.dll
0x000000006c6f0000 - 0x000000006c70a000 	C:\Program Files\Java\jdk1.8.0_102\jre\bin\net.dll
0x00007ff90a7e0000 - 0x00007ff90a839000 	C:\WINDOWS\system32\mswsock.dll
0x00007ff90a5e0000 - 0x00007ff90a684000 	C:\WINDOWS\SYSTEM32\DNSAPI.dll
0x00007ff8fba10000 - 0x00007ff8fba1a000 	C:\Windows\System32\rasadhlp.dll
0x00007ff905fc0000 - 0x00007ff90602b000 	C:\WINDOWS\System32\fwpuclnt.dll
0x0000000062d80000 - 0x0000000062da6000 	C:\Program Files\R\R-3.2.3\library\rJava\jri\x64\jri.dll
0x0000000017980000 - 0x00000000192f8000 	C:\Program Files\R\R-3.2.3\bin\x64\R.dll
0x0000000064e80000 - 0x0000000064eda000 	C:\Program Files\R\R-3.2.3\bin\x64\Rblas.dll
0x00000000641c0000 - 0x00000000641e5000 	C:\Program Files\R\R-3.2.3\bin\x64\Riconv.dll
0x0000000063540000 - 0x00000000635b0000 	C:\Program Files\R\R-3.2.3\bin\x64\Rgraphapp.dll
0x00007ff90b970000 - 0x00007ff90ba26000 	C:\WINDOWS\system32\comdlg32.dll
0x00007ff908c70000 - 0x00007ff908c77000 	C:\WINDOWS\SYSTEM32\MSIMG32.dll
0x00007ff909810000 - 0x00007ff909939000 	C:\WINDOWS\system32\uxtheme.dll
0x000000006e5c0000 - 0x000000006e5e8000 	C:\Program Files\R\R-3.2.3\library\utils\libs\x64\utils.dll
0x0000000064a40000 - 0x0000000064a53000 	C:\Program Files\R\R-3.2.3\library\methods\libs\x64\methods.dll
0x00007ff8f9080000 - 0x00007ff8f92af000 	C:\Program Files\Gateway\Gateway Power Management\SysHook.dll
0x00007ff909480000 - 0x00007ff909502000 	C:\WINDOWS\SYSTEM32\WINSPOOL.DRV
0x00007ff90b6a0000 - 0x00007ff90b766000 	C:\WINDOWS\system32\OLEAUT32.dll
0x00007ff900980000 - 0x00007ff900b30000 	C:\WINDOWS\WinSxS\amd64_microsoft.windows.gdiplus_6595b64144ccf1df_1.1.9600.18790_none_9333b10747484d36\gdiplus.dll
0x00007ff903600000 - 0x00007ff90366a000 	C:\WINDOWS\SYSTEM32\OLEACC.dll
0x00007ff909230000 - 0x00007ff909251000 	C:\WINDOWS\system32\dwmapi.dll
0x000000006fc80000 - 0x000000006fd89000 	C:\Program Files\R\R-3.2.3\library\grDevices\libs\x64\grDevices.dll
0x0000000063740000 - 0x0000000063785000 	C:\Program Files\R\R-3.2.3\library\graphics\libs\x64\graphics.dll
0x0000000071100000 - 0x00000000711a3000 	C:\Program Files\R\R-3.2.3\library\stats\libs\x64\stats.dll
0x000000001b6b0000 - 0x000000001b949000 	C:\Program Files\R\R-3.2.3\bin\x64\Rlapack.dll
0x000000006c6d0000 - 0x000000006c6e1000 	C:\Program Files\Java\jdk1.8.0_102\jre\bin\nio.dll
0x000000006d400000 - 0x000000006d41e000 	C:\Program Files\R\R-3.2.3\library\tools\libs\x64\tools.dll
0x0000000065700000 - 0x0000000065a40000 	C:\Program Files\R\R-3.2.3\modules\x64\internet.dll
0x00007ff904600000 - 0x00007ff904921000 	C:\WINDOWS\SYSTEM32\WININET.dll
0x00007ff90da40000 - 0x00007ff90da9c000 	C:\WINDOWS\system32\WLDAP32.dll
0x00007ff904930000 - 0x00007ff904bfa000 	C:\WINDOWS\SYSTEM32\iertutil.dll
0x00007ff907880000 - 0x00007ff90788c000 	C:\WINDOWS\SYSTEM32\Secur32.dll
0x00007ff8fdb90000 - 0x00007ff8fdb9c000 	C:\WINDOWS\SYSTEM32\ondemandconnroutehelper.dll
0x00007ff9097f0000 - 0x00007ff9097fb000 	C:\WINDOWS\SYSTEM32\kernel.appcore.dll
0x00007ff8febc0000 - 0x00007ff8fec87000 	C:\WINDOWS\SYSTEM32\winhttp.dll
0x00007ff906090000 - 0x00007ff9060ba000 	C:\WINDOWS\SYSTEM32\IPHLPAPI.DLL
0x00007ff9060c0000 - 0x00007ff9060ca000 	C:\WINDOWS\SYSTEM32\WINNSI.DLL
0x00007ff90b160000 - 0x00007ff90b33f000 	C:\WINDOWS\system32\CRYPT32.dll
0x00007ff90b060000 - 0x00007ff90b071000 	C:\WINDOWS\system32\MSASN1.dll
0x00007ff904c00000 - 0x00007ff904d85000 	C:\WINDOWS\SYSTEM32\urlmon.dll
0x00007ff90a3b0000 - 0x00007ff90a41e000 	C:\WINDOWS\system32\schannel.DLL
0x00007ff90b080000 - 0x00007ff90b0d1000 	C:\WINDOWS\system32\WINTRUST.dll
0x00007ff90a840000 - 0x00007ff90a860000 	C:\WINDOWS\SYSTEM32\CRYPTSP.dll
0x00007ff90a460000 - 0x00007ff90a496000 	C:\WINDOWS\system32\rsaenh.dll
0x00007ff90aa90000 - 0x00007ff90aab6000 	C:\WINDOWS\SYSTEM32\bcrypt.dll
0x00007ff90ae20000 - 0x00007ff90ae2b000 	C:\WINDOWS\SYSTEM32\CRYPTBASE.dll
0x00007ff90adb0000 - 0x00007ff90ae13000 	C:\WINDOWS\SYSTEM32\bcryptPrimitives.dll
0x00007ff909de0000 - 0x00007ff909e04000 	C:\WINDOWS\SYSTEM32\gpapi.dll
0x00007ff90aa60000 - 0x00007ff90aa85000 	C:\WINDOWS\SYSTEM32\ncrypt.dll
0x00007ff90aa20000 - 0x00007ff90aa57000 	C:\WINDOWS\SYSTEM32\NTASN1.dll
0x00007ff8e3790000 - 0x00007ff8e37c9000 	C:\Windows\System32\cryptnet.dll
0x00007ff8f8f40000 - 0x00007ff8f8f5d000 	C:\WINDOWS\system32\ncryptsslp.dll
0x00007ff90d650000 - 0x00007ff90d706000 	C:\WINDOWS\SYSTEM32\clbcatq.dll
0x00007ff905d50000 - 0x00007ff905d66000 	C:\WINDOWS\SYSTEM32\dhcpcsvc6.DLL
0x00007ff905ce0000 - 0x00007ff905cfa000 	C:\WINDOWS\SYSTEM32\dhcpcsvc.DLL
0x00007ff8f6040000 - 0x00007ff8f60c1000 	C:\WINDOWS\SYSTEM32\webio.dll
0x00007ff8ff0b0000 - 0x00007ff8ff239000 	C:\WINDOWS\SYSTEM32\dbghelp.dll

VM Arguments:
jvm_args: -Xdebug -Xrunjdwp:transport=dt_shmem,address=javadebug -Dfile.encoding=UTF-8 
java_command: sql.CamadaR
java_class_path (initial): C:\Program Files\NetBeans 8.1\ide\modules\ext\mysql-connector-java-5.1.23-bin.jar;C:\Users\Rubens Jr\Documents\NetBeansProjects\Programa\jar\JRI.jar;C:\Users\Rubens Jr\Documents\NetBeansProjects\Programa\jar\REngine.jar;C:\Users\Rubens Jr\Documents\NetBeansProjects\Programa\jar\Rserve.jar;C:\Program Files\R\R-3.2.3\library\MASS\MASS.jar;C:\Users\Rubens Jr\Documents\R\win-library\3.2\readxl\readxl.jar;C:\Users\Rubens Jr\Documents\R\win-library\3.2\zoo\zoo.jar;C:\Users\Rubens Jr\Documents\NetBeansProjects\Programa\build\classes
Launcher Type: SUN_STANDARD

Environment Variables:
CLASSPATH=.;%JAVA_HOME%
PATH=C:\Program Files\Java\jdk1.8.0_102\bin;C:\WINDOWS\Sun\Java\bin;C:\WINDOWS\system32;C:\WINDOWS;C:\ProgramData\Oracle\Java\javapath;C:\Program Files (x86)\Intel\iCLS Client\;C:\Program Files\Intel\iCLS Client\;C:\Windows\system32;C:\Windows;C:\Windows\System32\Wbem;C:\Windows\System32\WindowsPowerShell\v1.0\;C:\Program Files\Intel\Intel(R) Management Engine Components\DAL;C:\Program Files\Intel\Intel(R) Management Engine Components\IPT;C:\Program Files (x86)\Intel\Intel(R) Management Engine Components\DAL;C:\Program Files (x86)\Intel\Intel(R) Management Engine Components\IPT;C:\Program Files\Acer\Remote Files\;C:\Program Files\Java\jdk1.8.0_102\bin;C:\Program Files (x86)\scilab-6.0.0\bin;C:\Program Files\R\R-3.2.3\library\rJava\jri\x64;C:\Program Files\R\R-3.2.3\library\rJava\jri;C:\Program Files\R\R-3.2.3\bin\x64;C:\Program Files\Common Files\Autodesk Shared\
USERNAME=Rubens J˙nior
OS=Windows_NT
PROCESSOR_IDENTIFIER=Intel64 Family 6 Model 58 Stepping 9, GenuineIntel



---------------  S Y S T E M  ---------------

OS: Windows 8.1 , 64 bit Build 9600 (6.3.9600.17415)

CPU:total 4 (2 cores per cpu, 2 threads per core) family 6 model 58 stepping 9, cmov, cx8, fxsr, mmx, sse, sse2, sse3, ssse3, sse4.1, sse4.2, popcnt, avx, aes, clmul, erms, ht, tsc, tscinvbit, tscinv

Memory: 4k page, physical 4080920k(1349776k free), swap 8275224k(4634740k free)

vm_info: Java HotSpot(TM) 64-Bit Server VM (25.102-b14) for windows-amd64 JRE (1.8.0_102-b14), built on Jun 22 2016 13:15:21 by "java_re" with MS VC++ 10.0 (VS2010)

time: Mon Oct 02 12:05:23 2017
elapsed time: 11 seconds (0d 0h 0m 11s)

